DEBUG:stem:GETCONF __owningcontrollerprocess (runtime: 0.0003)
INFO:stem:Error while receiving a control message (SocketClosed): empty socket content
INFO:scholarly:Getting https://scholar.google.com/citations?hl=en&view_op=search_authors&mauthors=
INFO:scholarly:Found 0 authors
INFO:scholarly:No more pages of authors
INFO:scholarly:Getting https://scholar.google.com/citations?hl=en&view_op=search_authors&mauthors=label:
INFO:scholarly:Found 6 authors
INFO:scholarly:No more pages of authors
INFO:scholarly:Reading search page
INFO:scholarly:Getting https://scholar.google.com/scholar?hl=en&q=
INFO:scholarly:Got a response code 429. Retrying...
INFO:scholarly:Refreshing Tor ID...
DEBUG:stem:GETCONF __owningcontrollerprocess (runtime: 0.0003)
INFO:stem:Error while receiving a control message (SocketClosed): received exception "read of closed file"
INFO:scholarly:Getting https://scholar.google.com/scholar?hl=en&q=
INFO:scholarly:Found 0 publications
INFO:scholarly:No more search pages
INFO:scholarly:Reading search page
INFO:scholarly:Getting https://scholar.google.com/scholar?hl=en&q=frequency-domain%20analysis%20of%20haptic%20gratings%20cholewiak
INFO:scholarly:Found 1 publications
INFO:scholarly:No more search pages
INFO:scholarly:Getting https://scholar.googleusercontent.com/scholar.bib?q=info:MwL6-YApQfsJ:scholar.google.com/&output=citation&scisdr=CgXahJ8MGAA:AAGBfm0AAAAAXsChifalWEGXRnNkRnQSIc3O6JPbV9BO&scisig=AAGBfm0AAAAAXsChibs3jCHUaZeUBITnaSX3FzarBRtG&scisf=4&ct=citation&cd=0&hl=en
INFO:scholarly:Reading search page
INFO:scholarly:Getting https://scholar.google.com/scholar?hl=en&oi=bibs&cites=18104797610932568627
INFO:scholarly:Found 10 publications
INFO:scholarly:Loading next search page
INFO:scholarly:Getting https://scholar.google.com/scholar?start=10&hl=en&as_sdt=0,5&sciodt=0,5&cites=18104797610932568627&scipsc=
INFO:scholarly:Found 10 publications
INFO:scholarly:Loading next search page
INFO:scholarly:Getting https://scholar.google.com/scholar?start=20&hl=en&as_sdt=0,5&sciodt=0,5&cites=18104797610932568627&scipsc=
INFO:scholarly:Found 10 publications
INFO:scholarly:Loading next search page
INFO:scholarly:Getting https://scholar.google.com/scholar?start=30&hl=en&as_sdt=0,5&sciodt=0,5&cites=18104797610932568627&scipsc=
INFO:scholarly:Found 10 publications
INFO:scholarly:Loading next search page
INFO:scholarly:Getting https://scholar.google.com/scholar?start=40&hl=en&as_sdt=0,5&sciodt=0,5&cites=18104797610932568627&scipsc=
INFO:scholarly:Found 9 publications
INFO:scholarly:No more search pages
INFO:scholarly:Getting https://scholar.google.com/citations?hl=en&view_op=search_authors&mauthors=label:3d_shape
INFO:scholarly:Found 2 authors
INFO:scholarly:No more pages of authors
INFO:scholarly:Getting https://scholar.google.com/citations?hl=en&view_op=search_authors&mauthors=cattani
INFO:scholarly:Found 10 authors
INFO:scholarly:Loading next page of authors
INFO:scholarly:Getting https://scholar.google.com/citations?view_op=search_authors&hl=en&mauthors=cattani&after_author=986_AM_-__8J&astart=10
INFO:scholarly:Found 10 authors
INFO:scholarly:Loading next page of authors
INFO:scholarly:Getting https://scholar.google.com/citations?view_op=search_authors&hl=en&mauthors=cattani&after_author=ourwAOP___8J&astart=20
INFO:scholarly:Found 4 authors
INFO:scholarly:No more pages of authors
INFO:scholarly:Reading search page
INFO:scholarly:Getting https://scholar.google.com/scholar?hl=en&q=%22naive%20physics%22%20stability%20%223d%20shape%22
INFO:scholarly:Found 10 publications
INFO:scholarly:Loading next search page
INFO:scholarly:Getting https://scholar.google.com/scholar?start=10&q=%22naive+physics%22+stability+%223d+shape%22&hl=en&as_sdt=0,5
INFO:scholarly:Found 10 publications
INFO:scholarly:Loading next search page
INFO:scholarly:Getting https://scholar.google.com/scholar?start=20&q=%22naive+physics%22+stability+%223d+shape%22&hl=en&as_sdt=0,5
INFO:scholarly:Found 9 publications
INFO:scholarly:No more search pages
INFO:scholarly:Reading search page
INFO:scholarly:Getting https://scholar.google.com/scholar?hl=en&q=Creating%20correct%20blur%20and%20its%20effect%20on%20accommodation
INFO:scholarly:Found 1 publications
INFO:scholarly:No more search pages
INFO:scholarly:Getting https://scholar.googleusercontent.com/scholar.bib?q=info:yaFMes1ZwnMJ:scholar.google.com/&output=citation&scisdr=CgXahJ8MGAA:AAGBfm0AAAAAXsChtI-iG2noTNG3wuJrNMgCtxCeU7A1&scisig=AAGBfm0AAAAAXsChtMO30vUXaExmGLRh2nYrBau27B13&scisf=4&ct=citation&cd=0&hl=en
INFO:scholarly:Getting https://scholar.google.com/citations?hl=en&view_op=search_authors&mauthors=Steven%20A.%20Cholewiak
INFO:scholarly:Found 1 authors
INFO:scholarly:No more pages of authors
INFO:scholarly:Getting https://scholar.google.com/citations?hl=en&user=4bahYMkAAAAJ&pagesize=100
